2025-02-05 23:56:11,422 - INFO - Initializing PatentClaimAnalyzer...
2025-02-05 23:56:11,423 - INFO - PatentClaimAnalyzer initialized successfully
2025-02-05 23:56:11,423 - INFO - Starting model training with 11000 samples
2025-02-05 23:56:11,423 - INFO - Building citation network...
2025-02-05 23:56:11,859 - INFO - Citation network built with 6307 edges and 11008 nodes
2025-02-05 23:56:11,860 - INFO - Extracting features...
2025-02-05 23:56:55,777 - INFO - Initializing PatentClaimAnalyzer...
2025-02-05 23:56:55,777 - INFO - PatentClaimAnalyzer initialized successfully
2025-02-05 23:56:55,777 - INFO - Starting model training with 11000 samples
2025-02-05 23:56:55,778 - INFO - Building citation network...
2025-02-05 23:56:56,196 - INFO - Citation network built with 6307 edges and 11008 nodes
2025-02-05 23:56:56,197 - INFO - Extracting features...
2025-02-05 23:57:26,226 - INFO - Initializing PatentClaimAnalyzer...
2025-02-05 23:57:26,226 - INFO - PatentClaimAnalyzer initialized successfully
2025-02-05 23:57:26,226 - INFO - Starting model training with 11000 samples
2025-02-05 23:57:26,226 - INFO - Building citation network...
2025-02-05 23:57:26,642 - INFO - Citation network built with 6307 edges and 11008 nodes
2025-02-05 23:57:26,644 - INFO - Extracting features...
2025-02-06 00:04:23,777 - INFO - Initializing PatentClaimAnalyzer...
2025-02-06 00:04:23,777 - INFO - PatentClaimAnalyzer initialized successfully
2025-02-06 00:04:23,777 - INFO - Starting model training with 11000 samples
2025-02-06 00:04:23,777 - INFO - Building citation network...
2025-02-06 00:04:24,187 - INFO - Citation network built with 6307 edges and 11008 nodes
2025-02-06 00:04:24,188 - INFO - Precomputing network metrics...
2025-02-06 00:06:57,266 - INFO - Network metrics precomputed
2025-02-06 00:06:57,266 - INFO - Extracting features...
2025-02-06 00:06:58,088 - INFO - Feature extraction complete. Feature shape: (11000, 16)
2025-02-06 00:06:58,090 - INFO - Class distribution:
True     9585
False    1415
Name: count, dtype: int64
2025-02-06 00:06:58,094 - INFO - Train set size: 8800, Test set size: 2200
2025-02-06 00:06:58,094 - INFO - Training Random Forest Classifier...
2025-02-06 00:09:10,651 - INFO - Initializing PatentClaimAnalyzer...
2025-02-06 00:09:10,651 - INFO - PatentClaimAnalyzer initialized successfully
2025-02-06 00:09:10,651 - INFO - Starting model training with 11000 samples
2025-02-06 00:09:10,652 - INFO - Building citation network...
2025-02-06 00:09:11,065 - INFO - Citation network built with 6307 edges and 11008 nodes
2025-02-06 00:09:11,066 - INFO - Precomputing network metrics...
2025-02-06 00:11:44,177 - INFO - Network metrics precomputed
2025-02-06 00:11:44,177 - INFO - Extracting features...
2025-02-06 00:11:45,011 - INFO - Feature extraction complete. Feature shape: (11000, 16)
2025-02-06 00:11:45,012 - INFO - Class distribution:
True     9585
False    1415
Name: count, dtype: int64
2025-02-06 00:11:45,014 - INFO - Train set size: 8800, Test set size: 2200
2025-02-06 00:11:45,014 - INFO - Training Random Forest Classifier...
2025-02-06 00:11:45,014 - INFO - Training with 100 trees...
2025-02-06 00:11:45,249 - INFO - Random Forest training completed
2025-02-06 00:11:45,265 - INFO - 
Model Performance:
              precision    recall  f1-score   support

       False       1.00      1.00      1.00       278
        True       1.00      1.00      1.00      1922

    accuracy                           1.00      2200
   macro avg       1.00      1.00      1.00      2200
weighted avg       1.00      1.00      1.00      2200

2025-02-06 00:11:45,270 - INFO - 
Top 10 most important features:
2025-02-06 00:11:45,271 - INFO -                     feature  importance
6         has_103_rejection    0.323460
1     num_passage_locations    0.234461
9       num_claim_citations    0.231222
7         has_102_rejection    0.155815
11     num_figure_citations    0.034753
10  num_paragraph_citations    0.013513
8         has_112_rejection    0.005074
5               tech_center    0.001669
13               out_degree    0.000035
0             num_citations    0.000000
2025-02-06 00:11:45,279 - INFO - Model training completed successfully
2025-02-06 00:12:09,716 - INFO - Starting claim analysis...
2025-02-06 00:12:09,716 - INFO - Network metrics calculated: {'in_degree': 0, 'out_degree': 0, 'pagerank': 0, 'betweenness': 0}
2025-02-06 00:12:09,721 - INFO - Calculated rejection probability: 1.000
2025-02-06 00:12:09,724 - INFO - Claim analysis completed
2025-02-06 10:55:23,534 - INFO - Initializing PatentClaimAnalyzer...
2025-02-06 10:56:44,624 - INFO - Initializing PatentClaimAnalyzer...
2025-02-06 11:04:24,719 - INFO - Initializing PatentClaimAnalyzer...
2025-02-06 11:07:32,052 - INFO - Initializing PatentClaimAnalyzer...
2025-02-06 11:07:32,052 - INFO - PatentClaimAnalyzer initialized successfully
2025-02-06 11:07:32,053 - INFO - Starting model training with 11000 samples
2025-02-06 11:07:32,053 - INFO - Building citation network...
2025-02-06 11:07:32,471 - INFO - Citation network built with 6307 edges and 11008 nodes
2025-02-06 11:07:32,472 - INFO - Precomputing network metrics...
2025-02-06 11:10:12,056 - INFO - Network metrics precomputed
2025-02-06 11:10:12,056 - INFO - Extracting features...
2025-02-06 11:10:12,925 - INFO - Feature extraction complete. Feature shape: (11000, 16)
2025-02-06 11:10:12,929 - INFO - Class distribution:
True     9585
False    1415
Name: count, dtype: int64
2025-02-06 11:10:12,934 - INFO - Train set size: 8800, Test set size: 2200
2025-02-06 11:10:12,934 - INFO - Training Random Forest Classifier...
2025-02-06 11:10:12,934 - INFO - Training with 100 trees...
2025-02-06 11:10:13,132 - INFO - Random Forest training completed
2025-02-06 11:10:13,147 - INFO - 
Model Performance:
              precision    recall  f1-score   support

       False       1.00      1.00      1.00       278
        True       1.00      1.00      1.00      1922

    accuracy                           1.00      2200
   macro avg       1.00      1.00      1.00      2200
weighted avg       1.00      1.00      1.00      2200

2025-02-06 11:10:13,150 - INFO - 
Top 10 most important features:
2025-02-06 11:10:13,150 - INFO -                     feature  importance
6         has_103_rejection    0.589100
7         has_102_rejection    0.229088
1     num_passage_locations    0.155997
9       num_claim_citations    0.011825
11     num_figure_citations    0.005450
10  num_paragraph_citations    0.003161
8         has_112_rejection    0.002799
12                in_degree    0.001282
5               tech_center    0.001040
13               out_degree    0.000258
2025-02-06 11:10:13,160 - INFO - Model training completed successfully
2025-02-06 11:10:22,647 - INFO - Starting claim analysis...
2025-02-06 11:10:22,647 - INFO - Network metrics calculated: {'in_degree': 0, 'out_degree': 0, 'pagerank': 0, 'betweenness': 0}
2025-02-06 11:10:22,653 - INFO - Calculated rejection probability: 0.995
2025-02-06 11:10:22,653 - INFO - Claim analysis completed
2025-02-06 11:16:48,677 - INFO - Initializing PatentClaimAnalyzer...
2025-02-06 11:16:48,678 - INFO - PatentClaimAnalyzer initialized successfully
2025-02-06 11:16:48,678 - INFO - Starting model training with 11000 samples
2025-02-06 11:16:48,678 - INFO - Building citation network...
2025-02-06 11:16:49,096 - INFO - Citation network built with 6307 edges and 11008 nodes
2025-02-06 11:16:49,097 - INFO - Precomputing network metrics...
2025-02-06 11:19:27,233 - INFO - Network metrics precomputed
2025-02-06 11:19:27,234 - INFO - Extracting features...
2025-02-06 11:19:28,063 - INFO - Feature extraction complete. Feature shape: (11000, 16)
2025-02-06 11:19:28,064 - INFO - Class distribution:
True     9585
False    1415
Name: count, dtype: int64
2025-02-06 11:19:28,066 - INFO - Train set size: 8800, Test set size: 2200
2025-02-06 11:19:28,067 - INFO - Training Random Forest Classifier...
2025-02-06 11:19:28,067 - INFO - Training with 100 trees...
2025-02-06 11:19:28,260 - INFO - Random Forest training completed
2025-02-06 11:19:28,275 - INFO - 
Model Performance:
              precision    recall  f1-score   support

       False       1.00      1.00      1.00       278
        True       1.00      1.00      1.00      1922

    accuracy                           1.00      2200
   macro avg       1.00      1.00      1.00      2200
weighted avg       1.00      1.00      1.00      2200

2025-02-06 11:19:28,277 - INFO - 
Top 10 most important features:
2025-02-06 11:19:28,277 - INFO -                     feature  importance
6         has_103_rejection    0.589100
7         has_102_rejection    0.229088
1     num_passage_locations    0.155997
9       num_claim_citations    0.011825
11     num_figure_citations    0.005450
10  num_paragraph_citations    0.003161
8         has_112_rejection    0.002799
12                in_degree    0.001282
5               tech_center    0.001040
13               out_degree    0.000258
2025-02-06 11:19:28,285 - INFO - Model training completed successfully
2025-02-06 11:19:32,878 - INFO - Starting claim analysis...
2025-02-06 11:19:32,879 - INFO - Network metrics calculated: {'in_degree': 0, 'out_degree': 0, 'pagerank': 0, 'betweenness': 0}
2025-02-06 11:19:32,884 - INFO - Calculated rejection probability: 0.995
2025-02-06 11:19:32,885 - INFO - Claim analysis completed
2025-02-06 12:15:36,390 - INFO - Initializing PatentClaimAnalyzer...
2025-02-06 12:15:36,390 - INFO - Using Random Forest classifier
2025-02-06 12:15:36,391 - INFO - PatentClaimAnalyzer initialized successfully
2025-02-06 12:15:36,391 - INFO - Building citation network for feature extraction...
2025-02-06 12:19:08,335 - INFO - Initializing PatentClaimAnalyzer...
2025-02-06 12:19:08,336 - INFO - Using Random Forest classifier
2025-02-06 12:19:08,336 - INFO - PatentClaimAnalyzer initialized successfully
2025-02-06 12:19:08,336 - INFO - Starting model training with 11000 samples
2025-02-06 12:21:29,782 - INFO - Initializing PatentClaimAnalyzer...
2025-02-06 12:21:29,783 - INFO - Using Random Forest classifier
2025-02-06 12:21:29,783 - INFO - PatentClaimAnalyzer initialized successfully
2025-02-06 12:21:29,795 - INFO - Starting model training with 11000 samples
2025-02-06 12:23:13,807 - INFO - Initializing PatentClaimAnalyzer...
2025-02-06 12:23:13,808 - INFO - Using Random Forest classifier
2025-02-06 12:23:13,808 - INFO - PatentClaimAnalyzer initialized successfully
2025-02-06 12:23:13,818 - INFO - Starting model training with 11000 samples
2025-02-06 12:23:13,824 - INFO - Building citation network for feature extraction...
2025-02-06 12:23:14,169 - INFO - Precomputing network metrics...
2025-02-06 12:25:13,587 - INFO - Extracting features from patent data...
2025-02-06 12:25:14,275 - INFO - Building citation network for feature extraction...
2025-02-06 12:25:14,624 - INFO - Precomputing network metrics...
2025-02-06 12:27:05,614 - INFO - Extracting features from patent data...
2025-02-06 12:27:06,288 - INFO - Building citation network for feature extraction...
2025-02-06 12:27:06,618 - INFO - Precomputing network metrics...
2025-02-06 12:28:55,278 - INFO - Extracting features from patent data...
2025-02-06 12:28:55,960 - INFO - Building citation network for feature extraction...
2025-02-06 12:28:56,298 - INFO - Precomputing network metrics...
2025-02-06 12:30:40,670 - INFO - Extracting features from patent data...
2025-02-06 12:30:41,321 - INFO - Building citation network for feature extraction...
2025-02-06 12:30:41,644 - INFO - Precomputing network metrics...
2025-02-06 12:32:22,841 - INFO - Extracting features from patent data...
2025-02-06 12:52:25,070 - INFO - Initializing PatentClaimAnalyzer...
2025-02-06 12:52:45,546 - INFO - Initializing PatentClaimAnalyzer...
2025-02-06 12:52:45,546 - INFO - Using Random Forest classifier
2025-02-06 12:52:45,546 - INFO - PatentClaimAnalyzer initialized successfully
2025-02-06 12:52:45,640 - INFO - Starting model training with 11000 samples
2025-02-06 12:52:45,644 - INFO - Building citation network for feature extraction...
2025-02-06 12:52:45,982 - INFO - Precomputing network metrics...
2025-02-06 12:54:26,966 - INFO - Extracting features from patent data...
2025-02-06 12:54:29,729 - INFO - Extracting features from patent data...
2025-02-06 12:54:29,974 - INFO - Building citation network for feature extraction...
2025-02-06 12:54:30,304 - INFO - Precomputing network metrics...
2025-02-06 12:56:13,027 - INFO - Extracting features from patent data...
2025-02-06 12:56:15,720 - INFO - Extracting features from patent data...
2025-02-06 12:56:15,960 - INFO - Building citation network for feature extraction...
2025-02-06 12:56:16,415 - INFO - Precomputing network metrics...
2025-02-06 12:57:58,576 - INFO - Extracting features from patent data...
2025-02-06 12:58:01,304 - INFO - Extracting features from patent data...
2025-02-06 12:58:01,545 - INFO - Building citation network for feature extraction...
2025-02-06 12:58:01,873 - INFO - Precomputing network metrics...
2025-02-06 12:59:44,431 - INFO - Extracting features from patent data...
2025-02-06 12:59:47,120 - INFO - Extracting features from patent data...
2025-02-06 12:59:47,361 - INFO - Building citation network for feature extraction...
2025-02-06 12:59:47,687 - INFO - Precomputing network metrics...
2025-02-06 13:01:28,183 - INFO - Extracting features from patent data...
2025-02-06 13:01:30,899 - INFO - Extracting features from patent data...
2025-02-06 13:01:31,138 - INFO - Cross-validation F1 scores: [0.96382979 0.9527897  0.9528403  0.94981313 0.94964808]
2025-02-06 13:01:31,138 - INFO - Mean CV F1 score: 0.954 (+/- 0.010)
2025-02-06 13:01:31,139 - INFO - Training final model...
2025-02-06 13:01:31,139 - INFO - Building citation network for feature extraction...
2025-02-06 13:01:31,547 - INFO - Precomputing network metrics...
2025-02-06 13:04:01,433 - INFO - Extracting features from patent data...
2025-02-06 13:04:04,665 - INFO - Model training completed successfully
2025-02-06 13:49:46,470 - INFO - Initializing PatentClaimAnalyzer...
2025-02-06 13:49:46,470 - INFO - Using Random Forest classifier
2025-02-06 13:49:46,471 - INFO - PatentClaimAnalyzer initialized successfully
2025-02-06 13:49:51,314 - INFO - Initializing PatentClaimAnalyzer...
2025-02-06 13:49:51,315 - INFO - Using Random Forest classifier
2025-02-06 13:49:51,315 - INFO - PatentClaimAnalyzer initialized successfully
2025-02-06 13:49:51,315 - INFO - Starting model training with 11000 samples
2025-02-06 13:49:51,320 - INFO - Building citation network for feature extraction...
2025-02-06 13:49:51,652 - INFO - Precomputing network metrics...
2025-02-06 13:51:30,920 - INFO - Extracting features from patent data...
2025-02-06 13:51:33,784 - INFO - Extracting features from patent data...
2025-02-06 13:51:34,031 - INFO - Building citation network for feature extraction...
2025-02-06 13:51:34,364 - INFO - Precomputing network metrics...
2025-02-06 13:53:17,087 - INFO - Extracting features from patent data...
2025-02-06 13:53:19,874 - INFO - Extracting features from patent data...
2025-02-06 13:53:20,118 - INFO - Building citation network for feature extraction...
2025-02-06 13:53:20,444 - INFO - Precomputing network metrics...
2025-02-06 13:55:04,567 - INFO - Extracting features from patent data...
2025-02-06 13:55:07,382 - INFO - Extracting features from patent data...
2025-02-06 13:55:07,626 - INFO - Building citation network for feature extraction...
2025-02-06 13:55:07,952 - INFO - Precomputing network metrics...
2025-02-06 13:56:52,304 - INFO - Extracting features from patent data...
2025-02-06 13:56:55,140 - INFO - Extracting features from patent data...
2025-02-06 13:56:55,386 - INFO - Building citation network for feature extraction...
2025-02-06 13:56:55,714 - INFO - Precomputing network metrics...
2025-02-06 13:58:36,442 - INFO - Extracting features from patent data...
2025-02-06 13:58:39,318 - INFO - Extracting features from patent data...
2025-02-06 13:58:39,576 - INFO - Cross-validation F1 scores: [0.96382979 0.9527897  0.9528403  0.94981313 0.94964808]
2025-02-06 13:58:39,577 - INFO - Mean CV F1 score: 0.954 (+/- 0.010)
2025-02-06 13:58:39,577 - INFO - Training final model...
2025-02-06 13:58:39,578 - INFO - Building citation network for feature extraction...
2025-02-06 13:58:40,014 - INFO - Precomputing network metrics...
2025-02-06 14:01:17,633 - INFO - Extracting features from patent data...
2025-02-06 14:01:20,923 - INFO - Model training completed successfully
2025-02-06 14:01:20,924 - INFO - Saving model to patent_nlp_model_analyzer.joblib
2025-02-06 14:01:21,347 - INFO - Model saved successfully
2025-02-06 23:29:22,071 - INFO - Initializing PatentClaimAnalyzer...
2025-02-06 23:29:22,071 - INFO - Using Random Forest classifier
2025-02-06 23:29:22,071 - INFO - PatentClaimAnalyzer initialized successfully
2025-02-06 23:29:22,071 - INFO - Starting model training with 11000 samples
2025-02-06 23:29:22,076 - INFO - Building citation network for feature extraction...
2025-02-06 23:29:22,405 - INFO - Precomputing network metrics...
2025-02-06 23:31:01,701 - INFO - Extracting features from patent data...
2025-02-06 23:31:04,556 - INFO - Extracting features from patent data...
2025-02-06 23:31:04,806 - INFO - Building citation network for feature extraction...
2025-02-06 23:31:05,141 - INFO - Precomputing network metrics...
2025-02-06 23:32:49,318 - INFO - Extracting features from patent data...
2025-02-06 23:32:51,981 - INFO - Extracting features from patent data...
2025-02-06 23:32:52,222 - INFO - Building citation network for feature extraction...
2025-02-06 23:32:52,551 - INFO - Precomputing network metrics...
2025-02-06 23:34:33,800 - INFO - Extracting features from patent data...
2025-02-06 23:34:36,483 - INFO - Extracting features from patent data...
2025-02-06 23:34:36,721 - INFO - Building citation network for feature extraction...
2025-02-06 23:34:37,047 - INFO - Precomputing network metrics...
2025-02-06 23:36:15,493 - INFO - Extracting features from patent data...
2025-02-06 23:36:18,161 - INFO - Extracting features from patent data...
2025-02-06 23:36:18,398 - INFO - Building citation network for feature extraction...
2025-02-06 23:36:18,721 - INFO - Precomputing network metrics...
2025-02-06 23:37:56,740 - INFO - Extracting features from patent data...
2025-02-06 23:37:59,422 - INFO - Extracting features from patent data...
2025-02-06 23:37:59,659 - INFO - Cross-validation F1 scores: [0.96382979 0.9527897  0.9528403  0.94981313 0.94964808]
2025-02-06 23:37:59,659 - INFO - Mean CV F1 score: 0.954 (+/- 0.010)
2025-02-06 23:37:59,659 - INFO - Training final model...
2025-02-06 23:37:59,660 - INFO - Building citation network for feature extraction...
2025-02-06 23:38:00,062 - INFO - Precomputing network metrics...
2025-02-06 23:40:30,829 - INFO - Extracting features from patent data...
2025-02-06 23:40:33,978 - INFO - Model training completed successfully
2025-02-06 23:43:36,198 - INFO - Initializing PatentClaimAnalyzer...
2025-02-06 23:43:36,198 - INFO - Using Random Forest classifier
2025-02-06 23:43:36,198 - INFO - PatentClaimAnalyzer initialized successfully
2025-02-06 23:43:36,199 - INFO - Starting model training with 11000 samples
2025-02-06 23:43:36,203 - INFO - Building citation network for feature extraction...
2025-02-06 23:43:36,537 - INFO - Precomputing network metrics...
2025-02-06 23:45:15,926 - INFO - Extracting features from patent data...
2025-02-06 23:45:18,645 - INFO - Extracting features from patent data...
2025-02-06 23:45:18,889 - INFO - Building citation network for feature extraction...
2025-02-06 23:45:19,223 - INFO - Precomputing network metrics...
2025-02-06 23:46:57,597 - INFO - Extracting features from patent data...
2025-02-06 23:47:00,286 - INFO - Extracting features from patent data...
2025-02-06 23:47:00,526 - INFO - Building citation network for feature extraction...
2025-02-06 23:47:00,859 - INFO - Precomputing network metrics...
2025-02-06 23:48:39,515 - INFO - Extracting features from patent data...
2025-02-06 23:48:42,192 - INFO - Extracting features from patent data...
2025-02-06 23:48:42,434 - INFO - Building citation network for feature extraction...
2025-02-06 23:48:42,763 - INFO - Precomputing network metrics...
2025-02-06 23:50:22,643 - INFO - Extracting features from patent data...
2025-02-06 23:50:25,316 - INFO - Extracting features from patent data...
2025-02-06 23:50:25,559 - INFO - Building citation network for feature extraction...
2025-02-06 23:50:25,892 - INFO - Precomputing network metrics...
2025-02-06 23:52:04,118 - INFO - Extracting features from patent data...
2025-02-06 23:52:06,853 - INFO - Extracting features from patent data...
2025-02-06 23:52:07,096 - INFO - Cross-validation F1 scores: [0.96382979 0.9527897  0.9528403  0.94981313 0.94964808]
2025-02-06 23:52:07,096 - INFO - Mean CV F1 score: 0.954 (+/- 0.010)
2025-02-06 23:52:07,096 - INFO - Training final model...
2025-02-06 23:52:07,097 - INFO - Building citation network for feature extraction...
2025-02-06 23:52:07,508 - INFO - Precomputing network metrics...
2025-02-06 23:54:38,637 - INFO - Extracting features from patent data...
2025-02-06 23:54:41,797 - INFO - Model training completed successfully
2025-02-06 23:54:41,797 - INFO - Saving model to C:\Users\kenan\Desktop\tech-law-ai\src\utils\utils\patent_nlp_model.joblib
2025-02-07 10:12:46,267 - INFO - Initializing PatentClaimAnalyzer...
2025-02-07 10:12:46,268 - INFO - Using Random Forest classifier
2025-02-07 10:12:46,268 - INFO - PatentClaimAnalyzer initialized successfully
2025-02-07 10:12:46,268 - INFO - Starting model training with 11000 samples
2025-02-07 10:12:46,273 - INFO - Building citation network for feature extraction...
2025-02-07 10:12:46,604 - INFO - Precomputing network metrics...
2025-02-07 10:14:33,855 - INFO - Extracting features from patent data...
2025-02-07 10:14:36,599 - INFO - Extracting features from patent data...
2025-02-07 10:14:36,839 - INFO - Building citation network for feature extraction...
2025-02-07 10:14:37,159 - INFO - Precomputing network metrics...
2025-02-07 10:16:22,305 - INFO - Extracting features from patent data...
2025-02-07 10:16:24,964 - INFO - Extracting features from patent data...
2025-02-07 10:16:25,200 - INFO - Building citation network for feature extraction...
2025-02-07 10:16:25,520 - INFO - Precomputing network metrics...
2025-02-07 10:18:09,556 - INFO - Extracting features from patent data...
2025-02-07 10:18:12,242 - INFO - Extracting features from patent data...
2025-02-07 10:18:12,480 - INFO - Building citation network for feature extraction...
2025-02-07 10:18:12,799 - INFO - Precomputing network metrics...
2025-02-07 10:19:56,287 - INFO - Extracting features from patent data...
2025-02-07 10:19:58,946 - INFO - Extracting features from patent data...
2025-02-07 10:19:59,183 - INFO - Building citation network for feature extraction...
2025-02-07 10:19:59,500 - INFO - Precomputing network metrics...
2025-02-07 10:21:42,447 - INFO - Extracting features from patent data...
2025-02-07 10:21:45,117 - INFO - Extracting features from patent data...
2025-02-07 10:21:45,353 - INFO - Cross-validation F1 scores: [0.96382979 0.9527897  0.9528403  0.94981313 0.94964808]
2025-02-07 10:21:45,354 - INFO - Mean CV F1 score: 0.954 (+/- 0.010)
2025-02-07 10:21:45,354 - INFO - Training final model...
2025-02-07 10:21:45,354 - INFO - Building citation network for feature extraction...
2025-02-07 10:21:45,747 - INFO - Precomputing network metrics...
2025-02-07 10:24:24,694 - INFO - Extracting features from patent data...
2025-02-07 10:24:27,896 - INFO - Model training completed successfully
2025-02-07 10:24:27,897 - INFO - Saving model to C:\Users\kenan\Desktop\tech-law-ai\src\utils\patent_nlp_model.joblib
2025-02-07 10:24:28,827 - INFO - Model saved successfully
2025-02-07 12:39:41,073 - INFO - Loading model from ./patent_nlp_model.joblib
2025-02-07 12:39:46,073 - INFO - Initializing PatentClaimAnalyzer...
2025-02-07 12:39:46,073 - INFO - Using Random Forest classifier
2025-02-07 12:39:46,073 - INFO - PatentClaimAnalyzer initialized successfully
2025-02-07 12:39:47,032 - INFO - Model loaded successfully
2025-02-07 12:39:47,065 - INFO - [31m[1mWARNING: This is a development server. Do not use it in a production deployment. Use a production WSGI server instead.[0m
 * Running on http://127.0.0.1:5000
2025-02-07 12:39:47,065 - INFO - [33mPress CTRL+C to quit[0m
2025-02-07 12:39:47,067 - INFO -  * Restarting with stat
2025-02-07 12:39:54,624 - INFO - Loading model from ./patent_nlp_model.joblib
2025-02-07 12:39:59,328 - INFO - Initializing PatentClaimAnalyzer...
2025-02-07 12:39:59,329 - INFO - Using Random Forest classifier
2025-02-07 12:39:59,329 - INFO - PatentClaimAnalyzer initialized successfully
2025-02-07 12:40:00,329 - INFO - Model loaded successfully
2025-02-07 12:40:00,342 - WARNING -  * Debugger is active!
2025-02-07 12:40:00,349 - INFO -  * Debugger PIN: 140-211-513
2025-02-07 12:41:25,697 - INFO - 127.0.0.1 - - [07/Feb/2025 12:41:25] "[33mPOST /analyze_strategy HTTP/1.1[0m" 404 -
2025-02-07 12:41:39,785 - INFO - Starting claim analysis...
2025-02-07 12:41:39,786 - INFO - Extracting features from patent data...
2025-02-07 12:41:39,789 - INFO - 127.0.0.1 - - [07/Feb/2025 12:41:39] "[35m[1mPOST /analyze_patent HTTP/1.1[0m" 500 -
2025-02-08 10:52:29,757 - INFO - Loading model from ./patent_nlp_model.joblib
2025-02-08 10:52:34,529 - INFO - Initializing PatentClaimAnalyzer...
2025-02-08 10:52:34,530 - INFO - Using Random Forest classifier
2025-02-08 10:52:34,530 - INFO - PatentClaimAnalyzer initialized successfully
2025-02-08 10:52:35,641 - INFO - Model loaded successfully
2025-02-08 10:52:35,658 - INFO - [31m[1mWARNING: This is a development server. Do not use it in a production deployment. Use a production WSGI server instead.[0m
 * Running on http://127.0.0.1:5000
2025-02-08 10:52:35,658 - INFO - [33mPress CTRL+C to quit[0m
2025-02-08 10:52:35,660 - INFO -  * Restarting with stat
2025-02-08 10:52:43,333 - INFO - Loading model from ./patent_nlp_model.joblib
2025-02-08 10:52:48,194 - INFO - Initializing PatentClaimAnalyzer...
2025-02-08 10:52:48,194 - INFO - Using Random Forest classifier
2025-02-08 10:52:48,194 - INFO - PatentClaimAnalyzer initialized successfully
2025-02-08 10:52:49,267 - INFO - Model loaded successfully
2025-02-08 10:52:49,281 - WARNING -  * Debugger is active!
2025-02-08 10:52:49,288 - INFO -  * Debugger PIN: 140-211-513
2025-02-08 10:56:02,799 - INFO - Starting claim analysis...
2025-02-08 10:56:02,800 - INFO - Extracting features from patent data...
2025-02-08 10:56:02,803 - INFO - 127.0.0.1 - - [08/Feb/2025 10:56:02] "[35m[1mPOST /analyze_patent HTTP/1.1[0m" 500 -
2025-02-08 10:56:28,960 - INFO - Initializing PatentClaimAnalyzer...
2025-02-08 10:56:28,960 - INFO - Using Random Forest classifier
2025-02-08 10:56:28,960 - INFO - PatentClaimAnalyzer initialized successfully
2025-02-08 10:56:28,960 - INFO - Starting model training with 11000 samples
2025-02-08 10:56:28,965 - INFO - Building citation network for feature extraction...
2025-02-08 10:56:29,297 - INFO - Precomputing network metrics...
2025-02-08 10:58:11,994 - INFO - Extracting features from patent data...
2025-02-08 10:58:14,763 - INFO - Extracting features from patent data...
2025-02-08 10:58:15,005 - INFO - Building citation network for feature extraction...
2025-02-08 10:58:15,329 - INFO - Precomputing network metrics...
2025-02-08 10:59:54,427 - INFO - Extracting features from patent data...
2025-02-08 10:59:57,076 - INFO - Extracting features from patent data...
2025-02-08 10:59:57,312 - INFO - Building citation network for feature extraction...
2025-02-08 10:59:57,632 - INFO - Precomputing network metrics...
2025-02-08 11:01:43,775 - INFO - Extracting features from patent data...
2025-02-08 11:01:46,641 - INFO - Extracting features from patent data...
2025-02-08 11:01:46,909 - INFO - Building citation network for feature extraction...
2025-02-08 11:01:47,243 - INFO - Precomputing network metrics...
2025-02-08 11:03:28,795 - INFO - Extracting features from patent data...
2025-02-08 11:03:31,503 - INFO - Extracting features from patent data...
2025-02-08 11:03:31,742 - INFO - Building citation network for feature extraction...
2025-02-08 11:03:32,065 - INFO - Precomputing network metrics...
2025-02-08 11:05:12,701 - INFO - Extracting features from patent data...
2025-02-08 11:05:15,493 - INFO - Extracting features from patent data...
2025-02-08 11:05:15,736 - INFO - Cross-validation F1 scores: [0.96382979 0.9527897  0.9528403  0.94981313 0.94964808]
2025-02-08 11:05:15,737 - INFO - Mean CV F1 score: 0.954 (+/- 0.010)
2025-02-08 11:05:15,737 - INFO - Training final model...
2025-02-08 11:05:15,738 - INFO - Building citation network for feature extraction...
2025-02-08 11:05:16,141 - INFO - Precomputing network metrics...
2025-02-08 11:07:55,416 - INFO - Extracting features from patent data...
2025-02-08 11:07:58,593 - INFO - Model training completed successfully
2025-02-08 11:07:58,594 - INFO - Saving model to C:\Users\kenan\Desktop\tech-law-ai\src\utils\patent_nlp_model.joblib
2025-02-08 11:07:59,576 - INFO - Model saved successfully
2025-02-08 12:05:02,680 - INFO - Loading model from ./patent_nlp_model.joblib
2025-02-08 12:05:10,085 - INFO - Initializing PatentClaimAnalyzer...
2025-02-08 12:05:10,085 - INFO - Using Random Forest classifier
2025-02-08 12:05:10,085 - INFO - PatentClaimAnalyzer initialized successfully
2025-02-08 12:05:11,014 - INFO - Model loaded successfully
2025-02-08 12:05:11,049 - INFO - [31m[1mWARNING: This is a development server. Do not use it in a production deployment. Use a production WSGI server instead.[0m
 * Running on http://127.0.0.1:5000
2025-02-08 12:05:11,049 - INFO - [33mPress CTRL+C to quit[0m
2025-02-08 12:05:11,051 - INFO -  * Restarting with stat
2025-02-08 12:05:20,501 - INFO - Loading model from ./patent_nlp_model.joblib
2025-02-08 12:05:25,015 - INFO - Initializing PatentClaimAnalyzer...
2025-02-08 12:05:25,015 - INFO - Using Random Forest classifier
2025-02-08 12:05:25,015 - INFO - PatentClaimAnalyzer initialized successfully
2025-02-08 12:05:25,967 - INFO - Model loaded successfully
2025-02-08 12:05:25,981 - WARNING -  * Debugger is active!
2025-02-08 12:05:25,986 - INFO -  * Debugger PIN: 140-211-513
2025-02-08 12:05:26,021 - INFO - Starting claim analysis...
2025-02-08 12:05:26,022 - INFO - Extracting features from patent data...
2025-02-08 12:05:26,025 - INFO - 127.0.0.1 - - [08/Feb/2025 12:05:26] "[35m[1mPOST /analyze_patent HTTP/1.1[0m" 500 -
2025-02-08 12:52:58,383 - INFO - Loading model from ./patent_nlp_model.joblib
2025-02-08 12:53:02,853 - INFO - Initializing PatentClaimAnalyzer...
2025-02-08 12:53:02,854 - INFO - Using Random Forest classifier
2025-02-08 12:53:02,854 - INFO - PatentClaimAnalyzer initialized successfully
2025-02-08 12:53:03,785 - INFO - Model loaded successfully
2025-02-08 12:53:03,800 - INFO - [31m[1mWARNING: This is a development server. Do not use it in a production deployment. Use a production WSGI server instead.[0m
 * Running on http://127.0.0.1:5000
2025-02-08 12:53:03,800 - INFO - [33mPress CTRL+C to quit[0m
2025-02-08 12:53:03,802 - INFO -  * Restarting with stat
2025-02-08 12:53:10,697 - INFO - Loading model from ./patent_nlp_model.joblib
2025-02-08 12:53:14,997 - INFO - Initializing PatentClaimAnalyzer...
2025-02-08 12:53:14,998 - INFO - Using Random Forest classifier
2025-02-08 12:53:14,998 - INFO - PatentClaimAnalyzer initialized successfully
2025-02-08 12:53:15,903 - INFO - Model loaded successfully
2025-02-08 12:53:15,920 - WARNING -  * Debugger is active!
2025-02-08 12:53:15,925 - INFO -  * Debugger PIN: 140-211-513
2025-02-08 12:54:57,229 - INFO - Extracting features from patent data...
2025-02-08 12:54:57,232 - INFO - 127.0.0.1 - - [08/Feb/2025 12:54:57] "[35m[1mPOST /analyze_patent HTTP/1.1[0m" 500 -
2025-02-08 16:50:06,696 - INFO - Initializing PatentClaimAnalyzer...
2025-02-08 16:50:06,696 - INFO - Using Random Forest classifier
2025-02-08 16:50:06,697 - INFO - PatentClaimAnalyzer initialized successfully
2025-02-08 16:50:06,697 - INFO - Starting model training with 11000 samples
2025-02-08 16:50:06,702 - INFO - Building citation network for feature extraction...
2025-02-08 16:50:07,059 - INFO - Precomputing network metrics...
2025-02-08 16:52:05,634 - INFO - Extracting features from patent data...
2025-02-08 16:52:08,847 - INFO - Extracting features from patent data...
2025-02-08 16:52:09,114 - INFO - Building citation network for feature extraction...
2025-02-08 16:52:09,468 - INFO - Precomputing network metrics...
2025-02-08 16:53:57,290 - INFO - Extracting features from patent data...
2025-02-08 16:54:00,149 - INFO - Extracting features from patent data...
2025-02-08 16:54:00,399 - INFO - Building citation network for feature extraction...
2025-02-08 16:54:00,739 - INFO - Precomputing network metrics...
2025-02-08 16:55:47,947 - INFO - Extracting features from patent data...
2025-02-08 16:55:50,874 - INFO - Extracting features from patent data...
2025-02-08 16:55:51,139 - INFO - Building citation network for feature extraction...
2025-02-08 16:55:51,496 - INFO - Precomputing network metrics...
2025-02-08 16:57:43,882 - INFO - Extracting features from patent data...
2025-02-08 16:57:46,842 - INFO - Extracting features from patent data...
2025-02-08 16:57:47,104 - INFO - Building citation network for feature extraction...
2025-02-08 16:57:47,455 - INFO - Precomputing network metrics...
2025-02-08 16:59:39,583 - INFO - Extracting features from patent data...
2025-02-08 16:59:42,736 - INFO - Extracting features from patent data...
2025-02-08 16:59:43,010 - INFO - Cross-validation F1 scores: [0.96382979 0.9527897  0.9528403  0.94981313 0.94964808]
2025-02-08 16:59:43,010 - INFO - Mean CV F1 score: 0.954 (+/- 0.010)
2025-02-08 16:59:43,011 - INFO - Training final model...
2025-02-08 16:59:43,011 - INFO - Building citation network for feature extraction...
2025-02-08 16:59:43,481 - INFO - Precomputing network metrics...
2025-02-08 17:02:29,396 - INFO - Extracting features from patent data...
2025-02-08 17:02:33,166 - INFO - Model training completed successfully
2025-02-08 17:02:33,167 - INFO - Saving model to C:\Users\kenan\Desktop\tech-law-ai\src\utils\patent_nlp_model.joblib
2025-02-08 17:02:34,211 - INFO - Model saved successfully
2025-02-08 17:50:16,868 - INFO - Loading model from ./patent_nlp_model.joblib
2025-02-08 17:50:21,792 - INFO - Initializing PatentClaimAnalyzer...
2025-02-08 17:50:21,793 - INFO - Using Random Forest classifier
2025-02-08 17:50:21,793 - INFO - PatentClaimAnalyzer initialized successfully
2025-02-08 17:50:22,808 - INFO - Model loaded successfully
2025-02-08 17:50:22,826 - INFO - [31m[1mWARNING: This is a development server. Do not use it in a production deployment. Use a production WSGI server instead.[0m
 * Running on http://127.0.0.1:5000
2025-02-08 17:50:22,827 - INFO - [33mPress CTRL+C to quit[0m
2025-02-08 17:50:22,829 - INFO -  * Restarting with stat
2025-02-08 17:50:30,811 - INFO - Loading model from ./patent_nlp_model.joblib
2025-02-08 17:50:35,377 - INFO - Initializing PatentClaimAnalyzer...
2025-02-08 17:50:35,378 - INFO - Using Random Forest classifier
2025-02-08 17:50:35,378 - INFO - PatentClaimAnalyzer initialized successfully
2025-02-08 17:50:36,368 - INFO - Model loaded successfully
2025-02-08 17:50:36,381 - WARNING -  * Debugger is active!
2025-02-08 17:50:36,386 - INFO -  * Debugger PIN: 140-211-513
2025-02-08 18:13:15,941 - INFO - Extracting features from patent data...
2025-02-08 18:13:15,946 - INFO - 127.0.0.1 - - [08/Feb/2025 18:13:15] "[35m[1mPOST /analyze_patent HTTP/1.1[0m" 500 -
2025-02-09 19:00:03,024 - INFO - Initializing PatentClaimAnalyzer...
2025-02-09 19:00:03,025 - INFO - Using Random Forest classifier
2025-02-09 19:00:03,025 - INFO - PatentClaimAnalyzer initialized successfully
2025-02-09 19:00:03,025 - INFO - Starting model training with 11000 samples
2025-02-09 19:00:03,036 - INFO - Building citation network for feature extraction...
2025-02-09 19:00:03,397 - INFO - Precomputing network metrics...
2025-02-09 19:00:19,690 - INFO - Loading model from ./patent_nlp_model.joblib
2025-02-09 19:00:24,992 - INFO - Initializing PatentClaimAnalyzer...
2025-02-09 19:00:24,993 - INFO - Using Random Forest classifier
2025-02-09 19:00:24,993 - INFO - PatentClaimAnalyzer initialized successfully
2025-02-09 19:00:26,032 - INFO - Model loaded successfully
2025-02-09 19:00:27,132 - INFO - Initializing PatentClaimAnalyzer...
2025-02-09 19:00:27,133 - INFO - Using Random Forest classifier
2025-02-09 19:00:27,133 - INFO - PatentClaimAnalyzer initialized successfully
2025-02-09 19:00:27,133 - INFO - Starting model training with 11000 samples
2025-02-09 19:00:27,139 - INFO - Building citation network for feature extraction...
2025-02-09 19:00:27,517 - INFO - Precomputing network metrics...
2025-02-09 19:02:23,893 - INFO - Extracting features from patent data...
2025-02-09 19:02:27,362 - INFO - Extracting features from patent data...
2025-02-09 19:02:27,671 - INFO - Building citation network for feature extraction...
2025-02-09 19:02:28,064 - INFO - Precomputing network metrics...
2025-02-09 19:04:21,996 - INFO - Extracting features from patent data...
2025-02-09 19:04:25,348 - INFO - Extracting features from patent data...
2025-02-09 19:04:25,635 - INFO - Building citation network for feature extraction...
2025-02-09 19:04:26,024 - INFO - Precomputing network metrics...
2025-02-09 19:06:22,865 - INFO - Extracting features from patent data...
2025-02-09 19:06:25,977 - INFO - Extracting features from patent data...
2025-02-09 19:06:26,249 - INFO - Building citation network for feature extraction...
2025-02-09 19:06:26,620 - INFO - Precomputing network metrics...
2025-02-09 19:08:14,963 - INFO - Extracting features from patent data...
2025-02-09 19:08:17,990 - INFO - Extracting features from patent data...
2025-02-09 19:08:18,268 - INFO - Building citation network for feature extraction...
2025-02-09 19:08:18,635 - INFO - Precomputing network metrics...
2025-02-09 19:10:08,524 - INFO - Extracting features from patent data...
2025-02-09 19:10:11,687 - INFO - Extracting features from patent data...
2025-02-09 19:10:11,955 - INFO - Cross-validation F1 scores: [0.96382979 0.9527897  0.9528403  0.94981313 0.94964808]
2025-02-09 19:10:11,956 - INFO - Mean CV F1 score: 0.954 (+/- 0.010)
2025-02-09 19:10:11,956 - INFO - Training final model...
2025-02-09 19:10:11,956 - INFO - Building citation network for feature extraction...
2025-02-09 19:10:12,425 - INFO - Precomputing network metrics...
2025-02-09 19:12:56,814 - INFO - Extracting features from patent data...
2025-02-09 19:13:00,438 - INFO - Model training completed successfully
2025-02-09 19:13:00,440 - INFO - Saving model to patent_nlp_model.joblib
2025-02-09 19:13:01,514 - INFO - Model saved successfully
2025-02-09 19:13:01,527 - INFO - Loading model from patent_nlp_model.joblib
2025-02-09 19:13:02,673 - INFO - Initializing PatentClaimAnalyzer...
2025-02-09 19:13:02,674 - INFO - Using Random Forest classifier
2025-02-09 19:13:02,674 - INFO - PatentClaimAnalyzer initialized successfully
2025-02-09 19:13:03,606 - INFO - Model loaded successfully
2025-02-09 19:13:03,646 - INFO - [31m[1mWARNING: This is a development server. Do not use it in a production deployment. Use a production WSGI server instead.[0m
 * Running on http://127.0.0.1:5000
2025-02-09 19:13:03,646 - INFO - [33mPress CTRL+C to quit[0m
2025-02-09 19:13:03,648 - INFO -  * Restarting with stat
2025-02-09 19:13:11,018 - INFO - Loading model from ./patent_nlp_model.joblib
2025-02-09 19:13:15,575 - INFO - Initializing PatentClaimAnalyzer...
2025-02-09 19:13:15,575 - INFO - Using Random Forest classifier
2025-02-09 19:13:15,576 - INFO - PatentClaimAnalyzer initialized successfully
2025-02-09 19:13:16,574 - INFO - Model loaded successfully
2025-02-09 19:13:17,663 - INFO - Initializing PatentClaimAnalyzer...
2025-02-09 19:13:17,663 - INFO - Using Random Forest classifier
2025-02-09 19:13:17,664 - INFO - PatentClaimAnalyzer initialized successfully
2025-02-09 19:13:17,664 - INFO - Starting model training with 11000 samples
2025-02-09 19:13:17,670 - INFO - Building citation network for feature extraction...
2025-02-09 19:13:18,031 - INFO - Precomputing network metrics...
2025-02-09 19:15:07,529 - INFO - Extracting features from patent data...
2025-02-09 19:15:10,611 - INFO - Extracting features from patent data...
2025-02-09 19:15:10,885 - INFO - Building citation network for feature extraction...
2025-02-09 19:15:11,239 - INFO - Precomputing network metrics...
2025-02-09 19:17:01,843 - INFO - Extracting features from patent data...
2025-02-09 19:17:04,838 - INFO - Extracting features from patent data...
2025-02-09 19:17:05,106 - INFO - Building citation network for feature extraction...
2025-02-09 19:17:05,466 - INFO - Precomputing network metrics...
2025-02-09 19:18:51,360 - INFO - Extracting features from patent data...
2025-02-09 19:18:54,494 - INFO - Extracting features from patent data...
2025-02-09 19:18:54,766 - INFO - Building citation network for feature extraction...
2025-02-09 19:18:55,126 - INFO - Precomputing network metrics...
2025-02-09 19:20:45,837 - INFO - Extracting features from patent data...
2025-02-09 19:20:48,887 - INFO - Extracting features from patent data...
2025-02-09 19:20:49,157 - INFO - Building citation network for feature extraction...
2025-02-09 19:20:49,514 - INFO - Precomputing network metrics...
2025-02-09 19:22:36,979 - INFO - Extracting features from patent data...
2025-02-09 19:22:39,963 - INFO - Extracting features from patent data...
2025-02-09 19:22:40,223 - INFO - Cross-validation F1 scores: [0.96382979 0.9527897  0.9528403  0.94981313 0.94964808]
2025-02-09 19:22:40,224 - INFO - Mean CV F1 score: 0.954 (+/- 0.010)
2025-02-09 19:22:40,224 - INFO - Training final model...
2025-02-09 19:22:40,225 - INFO - Building citation network for feature extraction...
2025-02-09 19:22:40,654 - INFO - Precomputing network metrics...
2025-02-09 19:25:25,551 - INFO - Extracting features from patent data...
2025-02-09 19:25:29,460 - INFO - Model training completed successfully
2025-02-09 19:25:29,461 - INFO - Saving model to patent_nlp_model.joblib
2025-02-09 19:25:30,587 - INFO - Model saved successfully
2025-02-09 19:25:30,603 - INFO - Loading model from patent_nlp_model.joblib
2025-02-09 19:25:31,755 - INFO - Initializing PatentClaimAnalyzer...
2025-02-09 19:25:31,755 - INFO - Using Random Forest classifier
2025-02-09 19:25:31,755 - INFO - PatentClaimAnalyzer initialized successfully
2025-02-09 19:25:32,721 - INFO - Model loaded successfully
2025-02-09 19:25:32,736 - WARNING -  * Debugger is active!
2025-02-09 19:25:32,741 - INFO -  * Debugger PIN: 140-211-513
2025-02-09 19:25:32,791 - INFO - Starting claim analysis...
2025-02-09 19:25:32,792 - INFO - Extracting features from patent data...
2025-02-09 19:25:32,794 - INFO - 127.0.0.1 - - [09/Feb/2025 19:25:32] "[35m[1mPOST /analyze_patent HTTP/1.1[0m" 500 -
2025-02-09 19:25:50,914 - INFO - Starting claim analysis...
2025-02-09 19:25:50,915 - INFO - Extracting features from patent data...
2025-02-09 19:25:50,917 - INFO - 127.0.0.1 - - [09/Feb/2025 19:25:50] "[35m[1mPOST /analyze_patent HTTP/1.1[0m" 500 -
2025-02-09 19:25:55,577 - INFO - Starting claim analysis...
2025-02-09 19:25:55,578 - INFO - Extracting features from patent data...
2025-02-09 19:25:55,579 - INFO - 127.0.0.1 - - [09/Feb/2025 19:25:55] "[35m[1mPOST /analyze_patent HTTP/1.1[0m" 500 -
2025-02-09 19:25:56,168 - INFO - Starting claim analysis...
2025-02-09 19:25:56,170 - INFO - Extracting features from patent data...
2025-02-09 19:25:56,172 - INFO - 127.0.0.1 - - [09/Feb/2025 19:25:56] "[35m[1mPOST /analyze_patent HTTP/1.1[0m" 500 -
2025-02-09 19:25:56,414 - INFO - Starting claim analysis...
2025-02-09 19:25:56,415 - INFO - Extracting features from patent data...
2025-02-09 19:25:56,417 - INFO - 127.0.0.1 - - [09/Feb/2025 19:25:56] "[35m[1mPOST /analyze_patent HTTP/1.1[0m" 500 -
2025-02-09 19:25:56,594 - INFO - Starting claim analysis...
2025-02-09 19:25:56,595 - INFO - Extracting features from patent data...
2025-02-09 19:25:56,597 - INFO - 127.0.0.1 - - [09/Feb/2025 19:25:56] "[35m[1mPOST /analyze_patent HTTP/1.1[0m" 500 -
2025-02-09 19:25:56,796 - INFO - Starting claim analysis...
2025-02-09 19:25:56,796 - INFO - Extracting features from patent data...
2025-02-09 19:25:56,798 - INFO - 127.0.0.1 - - [09/Feb/2025 19:25:56] "[35m[1mPOST /analyze_patent HTTP/1.1[0m" 500 -
2025-02-09 19:25:56,991 - INFO - Starting claim analysis...
2025-02-09 19:25:56,992 - INFO - Extracting features from patent data...
2025-02-09 19:25:56,994 - INFO - 127.0.0.1 - - [09/Feb/2025 19:25:56] "[35m[1mPOST /analyze_patent HTTP/1.1[0m" 500 -
2025-02-09 19:25:57,191 - INFO - Starting claim analysis...
2025-02-09 19:25:57,191 - INFO - Extracting features from patent data...
2025-02-09 19:25:57,193 - INFO - 127.0.0.1 - - [09/Feb/2025 19:25:57] "[35m[1mPOST /analyze_patent HTTP/1.1[0m" 500 -
2025-02-09 19:25:57,415 - INFO - Starting claim analysis...
2025-02-09 19:25:57,415 - INFO - Extracting features from patent data...
2025-02-09 19:25:57,417 - INFO - 127.0.0.1 - - [09/Feb/2025 19:25:57] "[35m[1mPOST /analyze_patent HTTP/1.1[0m" 500 -
