2025-02-06 23:20:57,791 - INFO - Loading model from ./utils/patent_nlp_model_analyzer.joblib_analyzer.joblib
2025-02-06 23:20:57,791 - INFO - Initializing PatentClaimAnalyzer...
2025-02-06 23:20:57,791 - INFO - Using Random Forest classifier
2025-02-06 23:20:57,791 - INFO - PatentClaimAnalyzer initialized successfully
2025-02-06 23:25:47,590 - INFO - Loading model from C:\Users\kenan\Desktop\tech-law-ai\src\utils\patent_nlp_model_analyzer.joblib_analyzer.joblib
2025-02-06 23:25:47,590 - INFO - Initializing PatentClaimAnalyzer...
2025-02-06 23:25:47,591 - INFO - Using Random Forest classifier
2025-02-06 23:25:47,591 - INFO - PatentClaimAnalyzer initialized successfully
2025-02-06 23:27:29,272 - INFO - Loading model from ./utils/patent_nlp_model_analyzer.joblib
2025-02-06 23:27:29,272 - INFO - Initializing PatentClaimAnalyzer...
2025-02-06 23:27:29,272 - INFO - Using Random Forest classifier
2025-02-06 23:27:29,273 - INFO - PatentClaimAnalyzer initialized successfully
2025-02-07 10:31:53,108 - INFO - Loading model from C:\Users\kenan\Desktop\tech-law-ai\src\utils\patent_nlp_model.joblib
2025-02-07 10:31:58,161 - INFO - Initializing PatentClaimAnalyzer...
2025-02-07 10:31:58,161 - INFO - Using Random Forest classifier
2025-02-07 10:31:58,161 - INFO - PatentClaimAnalyzer initialized successfully
2025-02-07 10:31:58,171 - ERROR - Error loading model: No module named 'patent_analysis'
2025-02-07 10:34:30,882 - INFO - Loading model from ./utils/patent_nlp_model.joblib
2025-02-07 10:34:36,431 - INFO - Initializing PatentClaimAnalyzer...
2025-02-07 10:34:36,432 - INFO - Using Random Forest classifier
2025-02-07 10:34:36,432 - INFO - PatentClaimAnalyzer initialized successfully
2025-02-07 10:34:36,433 - ERROR - Error loading model: No module named 'patent_analysis'
2025-02-07 10:53:35,478 - INFO - Loading model from C:\Users\kenan\Desktop\tech-law-ai\src\utils\patent_nlp_model.joblib
2025-02-07 10:53:39,908 - INFO - Initializing PatentClaimAnalyzer...
2025-02-07 10:53:39,908 - INFO - Using Random Forest classifier
2025-02-07 10:53:39,908 - INFO - PatentClaimAnalyzer initialized successfully
2025-02-07 10:53:39,909 - ERROR - Error loading model: No module named 'patent_analysis'
2025-02-07 12:36:12,220 - INFO - Loading model from C:\Users\kenan\Desktop\tech-law-ai\src\utils\patent_nlp_model.joblib
2025-02-07 12:36:16,514 - INFO - Initializing PatentClaimAnalyzer...
2025-02-07 12:36:16,515 - INFO - Using Random Forest classifier
2025-02-07 12:36:16,515 - INFO - PatentClaimAnalyzer initialized successfully
2025-02-07 12:36:16,516 - ERROR - Error loading model: No module named 'patent_analysis'
2025-02-07 12:37:05,798 - INFO - Loading model from C:\Users\kenan\Desktop\tech-law-ai\src\utils\patent_nlp_model.joblib
2025-02-07 12:37:10,177 - INFO - Initializing PatentClaimAnalyzer...
2025-02-07 12:37:10,177 - INFO - Using Random Forest classifier
2025-02-07 12:37:10,177 - INFO - PatentClaimAnalyzer initialized successfully
2025-02-07 12:37:10,179 - ERROR - Error loading model: No module named 'patent_analysis'
